<?xml version="1.0" encoding="UTF-8"?>
<Site BuildName="(empty)"
	BuildStamp="20240617-0226-Experimental"
	Name="(empty)"
	Generator="ctest-3.30.0-rc3"
	CompilerName=""
	CompilerVersion=""
	OSName="Windows"
	Hostname="VAC"
	OSRelease=" Personal"
	OSVersion=" (Build 22621)"
	OSPlatform="AMD64"
	Is64Bits="1"
	VendorString="GenuineIntel"
	VendorID="Intel Corporation"
	FamilyID="6"
	ModelID="13"
	ProcessorCacheSize="-1"
	NumberOfLogicalCPU="16"
	NumberOfPhysicalCPU="8"
	TotalVirtualMemory="22720"
	TotalPhysicalMemory="16064"
	LogicalProcessorsPerPhysical="2"
	ProcessorClockFrequency="2496"
	>
	<Testing>
		<StartDateTime>Jun 16 23:26 Hora oficial do Brasil</StartDateTime>
		<StartTestTime>1718591214</StartTestTime>
		<TestList/>
		<EndDateTime>Jun 16 23:26 Hora oficial do Brasil</EndDateTime>
		<EndTestTime>1718591214</EndTestTime>
		<ElapsedMinutes>0</ElapsedMinutes>
	</Testing>
</Site>
